2023-08-16 12:11:20,154 : INFO : Test_Automation : test_Automation_Testing_Practice : 11 : Automation Testing Practice Test is Started
2023-08-16 12:11:20,154 : INFO : Test_Automation : test_Automation_Testing_Practice : 13 : Invoking Browser And Opening URL
2023-08-16 12:11:20,892 : INFO : Test_Automation : test_Automation_Testing_Practice : 19 : Entring Name as: Savali Sukhachi
2023-08-16 12:11:21,605 : INFO : Test_Automation : test_Automation_Testing_Practice : 19 : Entring Name as: Savali 1234
2023-08-16 12:11:22,539 : INFO : Test_Automation : test_Automation_Testing_Practice : 19 : Entring Name as: 1234@ Sukhachi
2023-08-16 12:11:23,361 : INFO : Test_Automation : test_Automation_Testing_Practice : 19 : Entring Name as: 1234 @3246hj
2023-08-16 12:11:24,276 : INFO : Test_Automation : test_Automation_Testing_Practice : 31 : Entring Email as: SavaliSukhachi@gmail.com
2023-08-16 12:11:24,875 : INFO : Test_Automation : test_Automation_Testing_Practice : 31 : Entring Email as: SavaliSukhachi.com
2023-08-16 12:11:25,783 : INFO : Test_Automation : test_Automation_Testing_Practice : 43 : Entring Phone as: 1234123456
2023-08-16 12:11:26,341 : INFO : Test_Automation : test_Automation_Testing_Practice : 43 : Entring Phone as: SavaliSukhachi
2023-08-16 12:11:27,219 : INFO : Test_Automation : test_Automation_Testing_Practice : 55 : Entring Address as: 7834, Suite Omal Flex, 571
2023-08-16 12:11:27,777 : INFO : Test_Automation : test_Automation_Testing_Practice : 55 : Entring Address as: 1234 1234 1234
2023-08-16 12:11:28,445 : INFO : Test_Automation : test_Automation_Testing_Practice : 68 : Clicking on Male Opction
2023-08-16 12:11:29,081 : INFO : Test_Automation : test_Automation_Testing_Practice : 76 : Clicking on 'Sunday, Munday,Tuesday,Friday,Saturday' Opctions
2023-08-16 12:11:29,801 : INFO : Test_Automation : test_Automation_Testing_Practice : 82 : Selected Country is: india
2023-08-16 12:11:30,152 : INFO : Test_Automation : test_Automation_Testing_Practice : 87 : Selected Colour is: Green
2023-08-16 12:11:34,519 : INFO : Test_Automation : test_Automation_Testing_Practice : 94 : Select Date is: 30-August-2023
2023-08-16 12:11:34,767 : INFO : Test_Automation : test_Automation_Testing_Practice : 98 : Automation Testing Practice Test is Completed
2023-08-16 12:26:04,371 : INFO : Test_Automation : test_Automation_Testing_Practice : 11 : Automation Testing Practice Test is Started
2023-08-16 12:26:04,386 : INFO : Test_Automation : test_Automation_Testing_Practice : 13 : Invoking Browser And Opening URL
2023-08-16 12:26:04,936 : INFO : Test_Automation : test_Automation_Testing_Practice : 19 : Entring Name as: Savali Sukhachi
2023-08-16 12:26:05,542 : INFO : Test_Automation : test_Automation_Testing_Practice : 19 : Entring Name as: Savali 1234
2023-08-16 12:26:06,375 : INFO : Test_Automation : test_Automation_Testing_Practice : 19 : Entring Name as: 1234@ Sukhachi
2023-08-16 12:26:07,210 : INFO : Test_Automation : test_Automation_Testing_Practice : 19 : Entring Name as: 1234 @3246hj
2023-08-16 12:26:08,100 : INFO : Test_Automation : test_Automation_Testing_Practice : 31 : Entring Email as: SavaliSukhachi@gmail.com
2023-08-16 12:26:08,716 : INFO : Test_Automation : test_Automation_Testing_Practice : 31 : Entring Email as: SavaliSukhachi.com
2023-08-16 12:26:09,588 : INFO : Test_Automation : test_Automation_Testing_Practice : 43 : Entring Phone as: 1234123456
2023-08-16 12:26:10,167 : INFO : Test_Automation : test_Automation_Testing_Practice : 43 : Entring Phone as: SavaliSukhachi
2023-08-16 12:26:10,987 : INFO : Test_Automation : test_Automation_Testing_Practice : 55 : Entring Address as: 7834, Suite Omal Flex, 571
2023-08-16 12:26:11,524 : INFO : Test_Automation : test_Automation_Testing_Practice : 55 : Entring Address as: 1234 1234 1234
2023-08-16 12:26:12,148 : INFO : Test_Automation : test_Automation_Testing_Practice : 68 : Clicking on Male Opction
2023-08-16 12:26:12,716 : INFO : Test_Automation : test_Automation_Testing_Practice : 76 : Clicking on 'Sunday, Munday,Tuesday,Friday,Saturday' Opctions
2023-08-16 12:26:13,475 : INFO : Test_Automation : test_Automation_Testing_Practice : 82 : Selected Country is: india
2023-08-16 12:26:13,809 : INFO : Test_Automation : test_Automation_Testing_Practice : 87 : Selected Colour is: Green
2023-08-16 12:26:18,217 : INFO : Test_Automation : test_Automation_Testing_Practice : 94 : Select Date is: 30-August-2023
2023-08-16 12:26:18,448 : INFO : Test_Automation : test_Automation_Testing_Practice : 98 : Automation Testing Practice Test is Completed
2023-08-16 12:26:58,684 : INFO : Test_Automation : test_Automation_Testing_Practice : 11 : Automation Testing Practice Test is Started
2023-08-16 12:26:58,684 : INFO : Test_Automation : test_Automation_Testing_Practice : 13 : Invoking Browser And Opening URL
2023-08-16 12:26:59,166 : INFO : Test_Automation : test_Automation_Testing_Practice : 19 : Entring Name as: Savali Sukhachi
2023-08-16 12:26:59,717 : INFO : Test_Automation : test_Automation_Testing_Practice : 19 : Entring Name as: Savali 1234
2023-08-16 12:27:00,555 : INFO : Test_Automation : test_Automation_Testing_Practice : 19 : Entring Name as: 1234@ Sukhachi
2023-08-16 12:27:01,371 : INFO : Test_Automation : test_Automation_Testing_Practice : 19 : Entring Name as: 1234 @3246hj
2023-08-16 12:27:02,235 : INFO : Test_Automation : test_Automation_Testing_Practice : 31 : Entring Email as: SavaliSukhachi@gmail.com
2023-08-16 12:27:02,761 : INFO : Test_Automation : test_Automation_Testing_Practice : 31 : Entring Email as: SavaliSukhachi.com
2023-08-16 12:27:03,624 : INFO : Test_Automation : test_Automation_Testing_Practice : 43 : Entring Phone as: 1234123456
2023-08-16 12:27:04,223 : INFO : Test_Automation : test_Automation_Testing_Practice : 43 : Entring Phone as: SavaliSukhachi
2023-08-16 12:27:05,071 : INFO : Test_Automation : test_Automation_Testing_Practice : 55 : Entring Address as: 7834, Suite Omal Flex, 571
2023-08-16 12:27:05,595 : INFO : Test_Automation : test_Automation_Testing_Practice : 55 : Entring Address as: 1234 1234 1234
2023-08-16 12:27:06,173 : INFO : Test_Automation : test_Automation_Testing_Practice : 68 : Clicking on Male Opction
2023-08-16 12:27:06,725 : INFO : Test_Automation : test_Automation_Testing_Practice : 76 : Clicking on 'Sunday, Munday,Tuesday,Friday,Saturday' Opctions
2023-08-16 12:27:07,367 : INFO : Test_Automation : test_Automation_Testing_Practice : 82 : Selected Country is: india
2023-08-16 12:27:07,676 : INFO : Test_Automation : test_Automation_Testing_Practice : 87 : Selected Colour is: Green
2023-08-16 12:27:12,063 : INFO : Test_Automation : test_Automation_Testing_Practice : 94 : Select Date is: 30-August-2023
2023-08-16 12:27:12,328 : INFO : Test_Automation : test_Automation_Testing_Practice : 98 : Automation Testing Practice Test is Completed
